<?xml version="1.0" encoding="UTF-8"?>
<!-- Generated by org.testng.reporters.JUnitReportReporter -->
<testsuite hostname="LAPTOP-6FJLI26U" failures="0" tests="1" name="intermediateLevelTests.JQuerySelectDropdownTest" time="32.724" errors="0" timestamp="2020-05-20T12:36:36 IST" skipped="0">
  <testcase classname="intermediateLevelTests.JQuerySelectDropdownTest" name="JQuerySelectDropdownVerify" time="32.724"/>
  <system-out/>
</testsuite> <!-- intermediateLevelTests.JQuerySelectDropdownTest -->
