<?xml version="1.0" encoding="UTF-8"?>
<!-- Generated by org.testng.reporters.JUnitReportReporter -->
<testsuite hostname="LAPTOP-6FJLI26U" failures="0" tests="1" name="intermediateLevelTests.ProgressBarModelTest" time="16.661" errors="0" timestamp="2020-05-19T13:28:08 IST" skipped="0">
  <testcase classname="intermediateLevelTests.ProgressBarModelTest" name="ModelDialogProgressBar" time="16.661"/>
  <system-out/>
</testsuite> <!-- intermediateLevelTests.ProgressBarModelTest -->
