<?xml version="1.0" encoding="UTF-8"?>
<!-- Generated by org.testng.reporters.JUnitReportReporter -->
<testsuite hostname="LAPTOP-6FJLI26U" failures="0" tests="2" name="applicationTests.RadioButtonDemoTest" time="28.081" errors="0" timestamp="2020-05-19T13:28:08 IST" skipped="0">
  <testcase classname="applicationTests.RadioButtonDemoTest" name="RadioButtonVerify" time="16.481"/>
  <system-out/>
  <testcase classname="applicationTests.RadioButtonDemoTest" name="GroupRadioButtonVerify" time="11.600"/>
  <system-out/>
</testsuite> <!-- applicationTests.RadioButtonDemoTest -->
